app/manifest-merger-release-report.txt
-- Merging decision tree log ---
manifest
ADDED from AndroidManifest.xml:2:1
	xmlns:android
		ADDED from AndroidManifest.xml:2:11
	package
		ADDED from AndroidManifest.xml:3:5
		INJECTED from AndroidManifest.xml:0:0
		INJECTED from AndroidManifest.xml:0:0
	android:versionName
		INJECTED from AndroidManifest.xml:0:0
		INJECTED from AndroidManifest.xml:0:0
	android:versionCode
		INJECTED from AndroidManifest.xml:0:0
		INJECTED from AndroidManifest.xml:0:0
uses-permission#android.permission.INTERNET
ADDED from AndroidManifest.xml:5:5
	android:name
		ADDED from AndroidManifest.xml:5:22
uses-permission#android.permission.CAMERA
ADDED from AndroidManifest.xml:6:5
MERGED from com.journeyapps:zxing-android-embedded:2.3.0:23:5
MERGED from com.journeyapps:zxing-android-legacy:2.3.0:24:5
	android:name
		ADDED from AndroidManifest.xml:6:22
uses-feature#android.hardware.camera
ADDED from AndroidManifest.xml:8:5
MERGED from com.journeyapps:zxing-android-embedded:2.3.0:26:5
MERGED from com.journeyapps:zxing-android-legacy:2.3.0:27:5
	android:name
		ADDED from AndroidManifest.xml:8:19
uses-feature#android.hardware.camera.autofocus
ADDED from AndroidManifest.xml:9:5
MERGED from com.journeyapps:zxing-android-embedded:2.3.0:34:5
MERGED from com.journeyapps:zxing-android-legacy:2.3.0:35:5
	android:name
		ADDED from AndroidManifest.xml:9:19
application
ADDED from AndroidManifest.xml:11:5
MERGED from com.android.support:appcompat-v7:21.0.3:16:5
MERGED from com.android.support:support-v4:21.0.3:16:5
MERGED from com.journeyapps:zxing-android-embedded:2.3.0:48:5
MERGED from com.journeyapps:zxing-android-legacy:2.3.0:49:5
MERGED from com.journeyapps:zxing-android-integration:2.3.0:9:5
	android:label
		ADDED from AndroidManifest.xml:14:9
	android:allowBackup
		ADDED from AndroidManifest.xml:12:9
	android:icon
		ADDED from AndroidManifest.xml:13:9
	android:theme
		ADDED from AndroidManifest.xml:15:9
activity#it.jaschke.alexandria.MainActivity
ADDED from AndroidManifest.xml:16:9
	android:label
		ADDED from AndroidManifest.xml:19:13
	android:configChanges
		ADDED from AndroidManifest.xml:18:13
	android:name
		ADDED from AndroidManifest.xml:17:13
intent-filter#android.intent.action.MAIN+android.intent.category.LAUNCHER
ADDED from AndroidManifest.xml:20:13
action#android.intent.action.MAIN
ADDED from AndroidManifest.xml:21:17
	android:name
		ADDED from AndroidManifest.xml:21:25
category#android.intent.category.LAUNCHER
ADDED from AndroidManifest.xml:23:17
	android:name
		ADDED from AndroidManifest.xml:23:27
activity#it.jaschke.alexandria.SettingsActivity
ADDED from AndroidManifest.xml:26:9
	android:label
		ADDED from AndroidManifest.xml:28:13
	android:parentActivityName
		ADDED from AndroidManifest.xml:29:13
	android:name
		ADDED from AndroidManifest.xml:27:13
meta-data#android.support.PARENT_ACTIVITY
ADDED from AndroidManifest.xml:30:13
	android:name
		ADDED from AndroidManifest.xml:31:17
	android:value
		ADDED from AndroidManifest.xml:32:17
provider#it.jaschke.alexandria.data.BookProvider
ADDED from AndroidManifest.xml:35:9
	android:exported
		ADDED from AndroidManifest.xml:38:13
	android:authorities
		ADDED from AndroidManifest.xml:37:13
	android:name
		ADDED from AndroidManifest.xml:36:13
service#it.jaschke.alexandria.services.BookService
ADDED from AndroidManifest.xml:40:9
	android:exported
		ADDED from AndroidManifest.xml:42:13
	android:name
		ADDED from AndroidManifest.xml:41:13
receiver#it.jaschke.alexandria.MyReceiver
ADDED from AndroidManifest.xml:45:9
	android:exported
		ADDED from AndroidManifest.xml:48:13
	android:enabled
		ADDED from AndroidManifest.xml:47:13
	android:name
		ADDED from AndroidManifest.xml:46:13
uses-sdk
INJECTED from AndroidManifest.xml:0:0 reason: use-sdk injection requested
MERGED from com.android.support:appcompat-v7:21.0.3:15:5
MERGED from com.android.support:support-v4:21.0.3:15:5
MERGED from com.journeyapps:zxing-android-embedded:2.3.0:19:5
MERGED from com.journeyapps:zxing-android-legacy:2.3.0:20:5
MERGED from com.journeyapps:zxing-android-integration:2.3.0:5:5
	android:targetSdkVersion
		INJECTED from AndroidManifest.xml:0:0
		INJECTED from AndroidManifest.xml:0:0
	android:minSdkVersion
		INJECTED from AndroidManifest.xml:0:0
		INJECTED from AndroidManifest.xml:0:0
uses-feature#android.hardware.camera.front
ADDED from com.journeyapps:zxing-android-embedded:2.3.0:29:5
MERGED from com.journeyapps:zxing-android-legacy:2.3.0:30:5
	android:required
		ADDED from com.journeyapps:zxing-android-embedded:2.3.0:31:9
	android:name
		ADDED from com.journeyapps:zxing-android-embedded:2.3.0:30:9
uses-feature#android.hardware.camera.flash
ADDED from com.journeyapps:zxing-android-embedded:2.3.0:37:5
MERGED from com.journeyapps:zxing-android-legacy:2.3.0:38:5
	android:required
		ADDED from com.journeyapps:zxing-android-embedded:2.3.0:39:9
	android:name
		ADDED from com.journeyapps:zxing-android-embedded:2.3.0:38:9
uses-feature#android.hardware.screen.landscape
ADDED from com.journeyapps:zxing-android-embedded:2.3.0:40:5
MERGED from com.journeyapps:zxing-android-legacy:2.3.0:41:5
	android:required
		ADDED from com.journeyapps:zxing-android-embedded:2.3.0:42:9
	android:name
		ADDED from com.journeyapps:zxing-android-embedded:2.3.0:41:9
uses-feature#android.hardware.wifi
ADDED from com.journeyapps:zxing-android-embedded:2.3.0:43:5
MERGED from com.journeyapps:zxing-android-legacy:2.3.0:44:5
	android:required
		ADDED from com.journeyapps:zxing-android-embedded:2.3.0:45:9
	android:name
		ADDED from com.journeyapps:zxing-android-embedded:2.3.0:44:9
activity#com.google.zxing.client.android.CaptureActivity
ADDED from com.journeyapps:zxing-android-embedded:2.3.0:49:9
	android:windowSoftInputMode
		ADDED from com.journeyapps:zxing-android-embedded:2.3.0:55:13
	android:screenOrientation
		ADDED from com.journeyapps:zxing-android-embedded:2.3.0:52:13
	android:theme
		ADDED from com.journeyapps:zxing-android-embedded:2.3.0:54:13
	android:stateNotNeeded
		ADDED from com.journeyapps:zxing-android-embedded:2.3.0:53:13
	android:clearTaskOnLaunch
		ADDED from com.journeyapps:zxing-android-embedded:2.3.0:51:13
	android:name
		ADDED from com.journeyapps:zxing-android-embedded:2.3.0:50:13
activity#com.google.zxing.client.androidlegacy.CaptureActivity
ADDED from com.journeyapps:zxing-android-legacy:2.3.0:50:9
	android:windowSoftInputMode
		ADDED from com.journeyapps:zxing-android-legacy:2.3.0:57:13
	android:screenOrientation
		ADDED from com.journeyapps:zxing-android-legacy:2.3.0:54:13
	android:configChanges
		ADDED from com.journeyapps:zxing-android-legacy:2.3.0:53:13
	android:theme
		ADDED from com.journeyapps:zxing-android-legacy:2.3.0:56:13
	android:stateNotNeeded
		ADDED from com.journeyapps:zxing-android-legacy:2.3.0:55:13
	android:clearTaskOnLaunch
		ADDED from com.journeyapps:zxing-android-legacy:2.3.0:52:13
	android:name
		ADDED from com.journeyapps:zxing-android-legacy:2.3.0:51:13